<?xml version='1.0' encoding='UTF-8'?>
<testsuite hostname="Siarheis-MacBook-Pro.local" name="fireworks.FireworksSuite" tests="12" errors="0" failures="1" skipped="0" time="0.51" timestamp="2021-05-19T21:35:10">
                     <properties>
      <property name="awt.toolkit" value="sun.lwawt.macosx.LWCToolkit"/><property name="java.specification.version" value="11"/><property name="sun.cpu.isalist" value=""/><property name="sun.jnu.encoding" value="UTF-8"/><property name="sun.arch.data.model" value="64"/><property name="bootstrap.mainClass" value="xsbt.boot.Boot"/><property name="java.vendor.url" value="https://adoptopenjdk.net/"/><property name="sun.boot.library.path" value="/Library/Java/JavaVirtualMachines/adoptopenjdk-11.jdk/Contents/Home/lib"/><property name="sun.java.command" value="/Users/siarheimelnik/Library/Application Support/Coursier/bin/sbt test"/><property name="jdk.debug" value="release"/><property name="java.specification.vendor" value="Oracle Corporation"/><property name="java.version.date" value="2020-07-14"/><property name="java.home" value="/Library/Java/JavaVirtualMachines/adoptopenjdk-11.jdk/Contents/Home"/><property name="file.separator" value="/"/><property name="java.vm.compressedOopsMode" value="Zero based"/><property name="line.separator" value="
"/><property name="java.specification.name" value="Java Platform API Specification"/><property name="java.vm.specification.vendor" value="Oracle Corporation"/><property name="sun.management.compiler" value="HotSpot 64-Bit Tiered Compilers"/><property name="java.runtime.version" value="11.0.8+10"/><property name="user.name" value="siarheimelnik"/><property name="log4j.ignoreTCL" value="true"/><property name="file.encoding" value="UTF-8"/><property name="jnidispatch.path" value="/Users/siarheimelnik/Library/Caches/JNA/temp/jna6516145653273443080.tmp"/><property name="java.vendor.version" value="AdoptOpenJDK"/><property name="jna.loaded" value="true"/><property name="java.io.tmpdir" value="/var/folders/kk/1t5_37414p1bfrbj1mzj5q4r0000gn/T/"/><property name="java.version" value="11.0.8"/><property name="java.vm.specification.name" value="Java Virtual Machine Specification"/><property name="java.awt.printerjob" value="sun.lwawt.macosx.CPrinterJob"/><property name="sun.os.patch.level" value="unknown"/><property name="java.library.path" value="/Users/siarheimelnik/Library/Java/Extensions:/Library/Java/Extensions:/Network/Library/Java/Extensions:/System/Library/Java/Extensions:/usr/lib/java:."/><property name="java.vendor" value="AdoptOpenJDK"/><property name="sun.io.unicode.encoding" value="UnicodeBig"/><property name="socksNonProxyHosts" value="local|*.local|169.254/16|*.169.254/16"/><property name="gopherProxySet" value="false"/><property name="java.class.path" value="/Users/siarheimelnik/Library/Application Support/Coursier/bin/sbt:/Users/siarheimelnik/Library/Caches/Coursier/v1/https/repo1.maven.org/maven2/io/get-coursier/sbt/sbt-runner/0.2.0/sbt-runner-0.2.0.jar:/Users/siarheimelnik/Library/Caches/Coursier/v1/https/repo1.maven.org/maven2/org/scala-sbt/sbt-launch/1.5.2/sbt-launch-1.5.2.jar"/><property name="java.vm.vendor" value="AdoptOpenJDK"/><property name="coursier.mainJar" value="/Users/siarheimelnik/Library/Application Support/Coursier/bin/sbt"/><property name="jline.shutdownhook" value="false"/><property name="user.timezone" value="Europe/Minsk"/><property name="coursier.main.arg-0" value="test"/><property name="os.name" value="Mac OS X"/><property name="java.vm.specification.version" value="11"/><property name="sun.java.launcher" value="SUN_STANDARD"/><property name="user.country" value="US"/><property name="http.nonProxyHosts" value="local|*.local|169.254/16|*.169.254/16"/><property name="sun.cpu.endian" value="little"/><property name="user.home" value="/Users/siarheimelnik"/><property name="user.language" value="en"/><property name="swoval.tmpdir" value="/Users/siarheimelnik/.sbt/1.0"/><property name="java.awt.graphicsenv" value="sun.awt.CGraphicsEnvironment"/><property name="jline.esc.timeout" value="0"/><property name="ftp.nonProxyHosts" value="local|*.local|169.254/16|*.169.254/16"/><property name="path.separator" value=":"/><property name="os.version" value="10.16"/><property name="jna.nosys" value="true"/><property name="java.runtime.name" value="OpenJDK Runtime Environment"/><property name="java.vm.name" value="OpenJDK 64-Bit Server VM"/><property name="jna.platform.library.path" value="/usr/lib:/usr/lib"/><property name="java.vendor.url.bug" value="https://github.com/AdoptOpenJDK/openjdk-support/issues"/><property name="sbt-launch.version" value="1.5.2"/><property name="user.dir" value="/Users/siarheimelnik/Projects/walkthrough/effective_scala/fireworks"/><property name="os.arch" value="x86_64"/><property name="java.vm.info" value="mixed mode"/><property name="java.vm.version" value="11.0.8+10"/><property name="java.class.version" value="55.0"/>
    </properties>
                     <testcase classname="fireworks.FireworksSuite" name="'Firework.next' returns 'Done' when given 'Done' `" time="0.05">
                                                 
                                               </testcase><testcase classname="fireworks.FireworksSuite" name="'Firework.next' returns 'Waiting' or 'Launched' when given 'Waiting'" time="0.163">
                                                 
                                               </testcase><testcase classname="fireworks.FireworksSuite" name="'Firework.next' returns 'Launched' or 'Exploding' when given 'Launched'" time="0.019">
                                                 
                                               </testcase><testcase classname="fireworks.FireworksSuite" name="'Firework.next' returns 'Exploding' or 'Done' when given 'Exploding'" time="0.079">
                                                 
                                               </testcase><testcase classname="fireworks.FireworksSuite" name="Operation 'next' on class 'Waiting' should return the same 'Waiting' value with a decremented 'countDown' until it is zero or negative" time="0.02">
                                                 
                                               </testcase><testcase classname="fireworks.FireworksSuite" name="Operation 'next' on class 'Waiting' should return a 'Launched' value if the 'countDown' is zero or negative" time="0.008">
                                                 
                                               </testcase><testcase classname="fireworks.FireworksSuite" name="Operation 'next' on class 'Launched' should return a 'Launched' value with a decremented 'countDown' until it is zero or negative" time="0.013">
                                                 
                                               </testcase><testcase classname="fireworks.FireworksSuite" name="Operation 'next' on class 'Launched' should return a 'Launched' value with an updated 'position' until the 'countDown' is zero or negative" time="0.011">
                                                 
                                               </testcase><testcase classname="fireworks.FireworksSuite" name="Operation 'next' on class 'Launched' should return an 'Exploding' value if the 'countDown' is zero or negative" time="0.018">
                                                 
                                               </testcase><testcase classname="fireworks.FireworksSuite" name="Operation 'next' on class 'Exploding' should return an 'Exploding' value with a decremented 'countDown' until it is zero or negative" time="0.052">
                                                 <failure message="java.lang.AssertionError: An exception was thrown during property evaluation: munit.ComparisonFailException: /Users/siarheimelnik/Projects/walkthrough/effective_scala/fireworks/src/test/scala/fireworks/FireworksSuite.scala:129
128:            assertEquals(nextExploding.countDown, exploding.countDown - 1, &quot;'countDown' must be decremented by one&quot;)
[7m129:            assertEquals(nextExploding.particles, exploding.particles.next, &quot;'particles' must be updated to their next state&quot;)[0m
130:            Prop.passed
'particles' must be updated to their next state
[1m=&gt; Obtained[0m
Particles(
  value = List(
    Particle(
      horizontalSpeed = 8.45521696283934E-280,
      verticalSpeed = 3.091150290943247E-214,
      position = Cartesian(
        x = 1.683606544E9,
        y = 2.73591813E8
      ),
      color = RGBA(
        r = UnsignedByte(
          value = 127
        ),
        g = UnsignedByte(
          value = 127
        ),
        b = UnsignedByte(
          value = -128
        ),
        a = Normalized(
          get = 1.0
        )
      )
    ),
    Particle(
      horizontalSpeed = -1.1205547617121601E-32,
      verticalSpeed = 7.17256297849971E134,
      position = Cartesian(
        x = -7.95804227E8,
        y = 1.484743691E9
      ),
      color = RGBA(
        r = UnsignedByte(
          value = 110
        ),
        g = UnsignedByte(
          value = 2
        ),
        b = UnsignedByte(
          value = 110
        ),
        a = Normalized(
          get = 1.0
        )
      )
    )
  )
)
[1m=&gt; Diff[0m ([91m- obtained[0m, [92m+ expected[0m)
     Particle(
[91m-      horizontalSpeed = 8.45521696283934E-280,[0m
[91m-      verticalSpeed = 3.091150290943247E-214,[0m
[92m+      horizontalSpeed = 0.0,[0m
[92m+      verticalSpeed = -1.3,[0m
       position = Cartesian(
     Particle(
[91m-      horizontalSpeed = -1.1205547617121601E-32,[0m
[92m+      horizontalSpeed = 0.0,[0m
       verticalSpeed = 7.17256297849971E134," type="sbt.ForkMain$ForkError">sbt.ForkMain$ForkError: java.lang.AssertionError: An exception was thrown during property evaluation: munit.ComparisonFailException: /Users/siarheimelnik/Projects/walkthrough/effective_scala/fireworks/src/test/scala/fireworks/FireworksSuite.scala:129
128:            assertEquals(nextExploding.countDown, exploding.countDown - 1, &quot;'countDown' must be decremented by one&quot;)
[7m129:            assertEquals(nextExploding.particles, exploding.particles.next, &quot;'particles' must be updated to their next state&quot;)[0m
130:            Prop.passed
'particles' must be updated to their next state
[1m=&gt; Obtained[0m
Particles(
  value = List(
    Particle(
      horizontalSpeed = 8.45521696283934E-280,
      verticalSpeed = 3.091150290943247E-214,
      position = Cartesian(
        x = 1.683606544E9,
        y = 2.73591813E8
      ),
      color = RGBA(
        r = UnsignedByte(
          value = 127
        ),
        g = UnsignedByte(
          value = 127
        ),
        b = UnsignedByte(
          value = -128
        ),
        a = Normalized(
          get = 1.0
        )
      )
    ),
    Particle(
      horizontalSpeed = -1.1205547617121601E-32,
      verticalSpeed = 7.17256297849971E134,
      position = Cartesian(
        x = -7.95804227E8,
        y = 1.484743691E9
      ),
      color = RGBA(
        r = UnsignedByte(
          value = 110
        ),
        g = UnsignedByte(
          value = 2
        ),
        b = UnsignedByte(
          value = 110
        ),
        a = Normalized(
          get = 1.0
        )
      )
    )
  )
)
[1m=&gt; Diff[0m ([91m- obtained[0m, [92m+ expected[0m)
     Particle(
[91m-      horizontalSpeed = 8.45521696283934E-280,[0m
[91m-      verticalSpeed = 3.091150290943247E-214,[0m
[92m+      horizontalSpeed = 0.0,[0m
[92m+      verticalSpeed = -1.3,[0m
       position = Cartesian(
     Particle(
[91m-      horizontalSpeed = -1.1205547617121601E-32,[0m
[92m+      horizontalSpeed = 0.0,[0m
       verticalSpeed = 7.17256297849971E134,
	at fireworks.FireworksSuite.failure$1(FireworksSuite.scala:168)
	at fireworks.FireworksSuite.checkProperty(FireworksSuite.scala:174)
	at fireworks.FireworksSuite.property$$anonfun$1(FireworksSuite.scala:162)
	at scala.runtime.java8.JFunction0$mcV$sp.apply(JFunction0$mcV$sp.scala:18)
</failure>
                                               </testcase><testcase classname="fireworks.FireworksSuite" name="Operation 'next' on class 'Exploding' should return a 'Done' value if the 'countDown' is zero or negative" time="0.073">
                                                 
                                               </testcase><testcase classname="fireworks.FireworksSuite" name="Operation 'next' on class 'Particle' should return a 'Particle' value that has moved" time="0.004">
                                                 
                                               </testcase>
                     <system-out><![CDATA[]]></system-out>
                     <system-err><![CDATA[]]></system-err>
                   </testsuite>